0 info it worked if it ends with ok
1 verbose cli [ 'C:\\Program Files\\nodejs\\node.exe',
1 verbose cli   'C:\\Users\\Tom Saporito\\AppData\\Roaming\\npm\\node_modules\\npm\\bin\\npm-cli.js',
1 verbose cli   'version',
1 verbose cli   'patch' ]
2 info using npm@3.10.6
3 info using node@v9.3.0
4 info git [ 'status', '--porcelain' ]
5 verbose stack Error: Git working directory not clean.
5 verbose stack M index.dev.js
5 verbose stack M index.js
5 verbose stack     at C:\Users\Tom Saporito\AppData\Roaming\npm\node_modules\npm\lib\version.js:247:19
5 verbose stack     at C:\Users\Tom Saporito\AppData\Roaming\npm\node_modules\npm\lib\utils\no-progress-while-running.js:21:8
5 verbose stack     at ChildProcess.exithandler (child_process.js:264:7)
5 verbose stack     at ChildProcess.emit (events.js:159:13)
5 verbose stack     at maybeClose (internal/child_process.js:943:16)
5 verbose stack     at Socket.stream.socket.on (internal/child_process.js:363:11)
5 verbose stack     at Socket.emit (events.js:159:13)
5 verbose stack     at Pipe._handle.close [as _onclose] (net.js:568:12)
6 verbose cwd C:\GitHub\substate
7 error Windows_NT 10.0.16299
8 error argv "C:\\Program Files\\nodejs\\node.exe" "C:\\Users\\Tom Saporito\\AppData\\Roaming\\npm\\node_modules\\npm\\bin\\npm-cli.js" "version" "patch"
9 error node v9.3.0
10 error npm  v3.10.6
11 error Git working directory not clean.
11 error M index.dev.js
11 error M index.js
12 error If you need help, you may report this error at:
12 error     <https://github.com/npm/npm/issues>
13 verbose exit [ 1, true ]
